<?xml version="1.0" encoding="UTF-8"?>
<!-- Generated by org.testng.reporters.JUnitReportReporter -->
<testsuite skipped="0" hostname="TSMMICDEVTEST" name="SmokeTestCase" tests="1" failures="0" timestamp="04 May 2018 08:39:39 GMT" time="27.785" errors="0">
  <testcase name="TC42404" time="27.785" classname="SmokeTestCase"/>
</testsuite> <!-- SmokeTestCase -->
