<?xml version="1.0" encoding="UTF-8"?>
<!-- Generated by org.testng.reporters.JUnitReportReporter -->
<testsuite skipped="0" hostname="TSMMICDEVTEST" name="TC_NewCISOrgnizationCreation" tests="1" failures="0" timestamp="03 May 2018 12:06:22 GMT" time="41.428" errors="0">
  <testcase name="createNewOrganization" time="41.428" classname="TC_NewCISOrgnizationCreation"/>
</testsuite> <!-- TC_NewCISOrgnizationCreation -->
